<?xml version="1.0" encoding="UTF-8"?>
<!-- Generated by org.testng.reporters.JUnitReportReporter -->
<testsuite skipped="0" hostname="LAPTOP-1PGEGCF0" name="com.test.runner.Runner" tests="1" failures="0" timestamp="01 Jan 2018 19:02:36 GMT" time="8.384" errors="0">
  <testcase name="login_Page_true" time="8.384" classname="com.test.runner.Runner"/>
</testsuite> <!-- com.test.runner.Runner -->
