<?xml version="1.0" encoding="UTF-8"?>
<!-- Generated by org.testng.reporters.JUnitReportReporter -->
<testsuite skipped="0" hostname="LAPTOP-1PGEGCF0" name="com.test.runner.DataDrivenTest_DB" tests="2" failures="0" timestamp="03 Jan 2018 20:43:11 GMT" time="36.540" errors="0">
  <testcase name="login_Page_true" time="20.385" classname="com.test.runner.DataDrivenTest_DB"/>
  <testcase name="login_Page_false" time="16.155" classname="com.test.runner.DataDrivenTest_DB"/>
</testsuite> <!-- com.test.runner.DataDrivenTest_DB -->
