<?xml version="1.0" encoding="UTF-8"?>
<!-- Generated by org.testng.reporters.JUnitReportReporter -->
<testsuite hostname="LAPTOP-1PGEGCF0" name="com.test.runner.Runner" tests="1" failures="0" timestamp="3 Jan 2018 08:51:15 GMT" time="8.953" errors="0">
  <testcase name="login_Page_true" time="8.953" classname="com.test.runner.Runner"/>
</testsuite> <!-- com.test.runner.Runner -->
