<?xml version="1.0" encoding="UTF-8"?>
<!-- Generated by org.testng.reporters.JUnitReportReporter -->
<testsuite hostname="LAPTOP-1PGEGCF0" name="com.test.runner.Runner" tests="1" failures="0" timestamp="3 Jan 2018 10:57:19 GMT" time="9.125" errors="0">
  <testcase name="login_Page_true" time="9.125" classname="com.test.runner.Runner"/>
</testsuite> <!-- com.test.runner.Runner -->
